-------------------------------------------------------------------------------
Test set: testrunners.MyTestRunner
-------------------------------------------------------------------------------
Tests run: 6, Failures: 1, Errors: 0, Skipped: 0, Time elapsed: 52.353 s <<< FAILURE! - in testrunners.MyTestRunner
tearDownClass(testrunners.MyTestRunner)  Time elapsed: 49.965 s  <<< FAILURE!
java.lang.NoSuchMethodError: org.apache.pdfbox.pdmodel.graphics.image.PDImageXObject.createFromByteArray(Lorg/apache/pdfbox/pdmodel/PDDocument;[BLjava/lang/String;)Lorg/apache/pdfbox/pdmodel/graphics/image/PDImageXObject;

