<?xml version="1.0" encoding="UTF-8"?>
<testng-results ignored="0" total="5" passed="5" failed="0" skipped="0">
  <reporter-output>
  </reporter-output>
  <suite started-at="2022-04-01T15:03:07Z" name="Surefire suite" finished-at="2022-04-01T15:03:59Z" duration-ms="51599">
    <groups>
      <group name="cucumber">
        <method signature="AbstractTestNGCucumberTests.runScenario(io.cucumber.testng.PickleWrapper, io.cucumber.testng.FeatureWrapper)[pri:0, instance:testrunners.MyTestRunner@235834f2]" name="runScenario" class="io.cucumber.testng.AbstractTestNGCucumberTests"/>
      </group> <!-- cucumber -->
    </groups>
    <test started-at="2022-04-01T15:03:07Z" name="Surefire test" finished-at="2022-04-01T15:03:59Z" duration-ms="51599">
      <class name="testrunners.MyTestRunner">
        <test-method is-config="true" signature="setUpClass()[pri:0, instance:testrunners.MyTestRunner@235834f2]" started-at="2022-04-01T15:03:07Z" name="setUpClass" finished-at="2022-04-01T15:03:09Z" duration-ms="1597" status="PASS">
          <reporter-output>
          </reporter-output>
        </test-method> <!-- setUpClass -->
        <test-method signature="runScenario(io.cucumber.testng.PickleWrapper, io.cucumber.testng.FeatureWrapper)[pri:0, instance:testrunners.MyTestRunner@235834f2]" started-at="2022-04-01T15:03:09Z" name="runScenario" description="Runs Cucumber Scenarios" data-provider="scenarios" finished-at="2022-04-01T15:03:55Z" duration-ms="46707" status="PASS">
          <params>
            <param index="0">
              <value>
                <![CDATA["Accounts section count"]]>
              </value>
            </param>
            <param index="1">
              <value>
                <![CDATA["Optional[Account Page feature]"]]>
              </value>
            </param>
          </params>
          <reporter-output>
          </reporter-output>
        </test-method> <!-- runScenario -->
        <test-method signature="runScenario(io.cucumber.testng.PickleWrapper, io.cucumber.testng.FeatureWrapper)[pri:0, instance:testrunners.MyTestRunner@235834f2]" started-at="2022-04-01T15:03:09Z" name="runScenario" description="Runs Cucumber Scenarios" data-provider="scenarios" finished-at="2022-04-01T15:03:55Z" duration-ms="46721" status="PASS">
          <params>
            <param index="0">
              <value>
                <![CDATA["Account Page title"]]>
              </value>
            </param>
            <param index="1">
              <value>
                <![CDATA["Optional[Account Page feature]"]]>
              </value>
            </param>
          </params>
          <reporter-output>
          </reporter-output>
        </test-method> <!-- runScenario -->
        <test-method signature="runScenario(io.cucumber.testng.PickleWrapper, io.cucumber.testng.FeatureWrapper)[pri:0, instance:testrunners.MyTestRunner@235834f2]" started-at="2022-04-01T15:03:09Z" name="runScenario" description="Runs Cucumber Scenarios" data-provider="scenarios" finished-at="2022-04-01T15:03:49Z" duration-ms="40575" status="PASS">
          <params>
            <param index="0">
              <value>
                <![CDATA["Forgot your password link"]]>
              </value>
            </param>
            <param index="1">
              <value>
                <![CDATA["Optional[Login Page feature]"]]>
              </value>
            </param>
          </params>
          <reporter-output>
          </reporter-output>
        </test-method> <!-- runScenario -->
        <test-method signature="runScenario(io.cucumber.testng.PickleWrapper, io.cucumber.testng.FeatureWrapper)[pri:0, instance:testrunners.MyTestRunner@235834f2]" started-at="2022-04-01T15:03:09Z" name="runScenario" description="Runs Cucumber Scenarios" data-provider="scenarios" finished-at="2022-04-01T15:03:49Z" duration-ms="40394" status="PASS">
          <params>
            <param index="0">
              <value>
                <![CDATA["Login Page title"]]>
              </value>
            </param>
            <param index="1">
              <value>
                <![CDATA["Optional[Login Page feature]"]]>
              </value>
            </param>
          </params>
          <reporter-output>
          </reporter-output>
        </test-method> <!-- runScenario -->
        <test-method signature="runScenario(io.cucumber.testng.PickleWrapper, io.cucumber.testng.FeatureWrapper)[pri:0, instance:testrunners.MyTestRunner@235834f2]" started-at="2022-04-01T15:03:09Z" name="runScenario" description="Runs Cucumber Scenarios" data-provider="scenarios" finished-at="2022-04-01T15:03:55Z" duration-ms="46707" status="PASS">
          <params>
            <param index="0">
              <value>
                <![CDATA["Login with valid credential"]]>
              </value>
            </param>
            <param index="1">
              <value>
                <![CDATA["Optional[Login Page feature]"]]>
              </value>
            </param>
          </params>
          <reporter-output>
          </reporter-output>
        </test-method> <!-- runScenario -->
        <test-method is-config="true" signature="tearDownClass()[pri:0, instance:testrunners.MyTestRunner@235834f2]" started-at="2022-04-01T15:03:55Z" name="tearDownClass" finished-at="2022-04-01T15:03:59Z" duration-ms="3215" status="FAIL">
          <exception class="java.lang.NoSuchMethodError">
            <message>
              <![CDATA[org.apache.pdfbox.pdmodel.graphics.image.PDImageXObject.createFromByteArray(Lorg/apache/pdfbox/pdmodel/PDDocument;[BLjava/lang/String;)Lorg/apache/pdfbox/pdmodel/graphics/image/PDImageXObject;]]>
            </message>
            <full-stacktrace>
              <![CDATA[java.lang.NoSuchMethodError: org.apache.pdfbox.pdmodel.graphics.image.PDImageXObject.createFromByteArray(Lorg/apache/pdfbox/pdmodel/PDDocument;[BLjava/lang/String;)Lorg/apache/pdfbox/pdmodel/graphics/image/PDImageXObject;
at tech.grasshopper.pdf.image.ImageCreator.generateChartImageXObject(ImageCreator.java:25)
at tech.grasshopper.pdf.section.dashboard.DashboardDonutDisplay.createDonutChart(DashboardDonutDisplay.java:58)
at tech.grasshopper.pdf.section.dashboard.DashboardDonutDisplay.display(DashboardDonutDisplay.java:32)
at tech.grasshopper.pdf.section.dashboard.Dashboard.createSection(Dashboard.java:43)
at tech.grasshopper.pdf.PDFCucumberReport.createReport(PDFCucumberReport.java:77)
at tech.grasshopper.pdf.extent.ExtentPDFCucumberReporter.flush(ExtentPDFCucumberReporter.java:69)
at tech.grasshopper.pdf.extent.ExtentPDFCucumberReporter.access$100(ExtentPDFCucumberReporter.java:17)
at tech.grasshopper.pdf.extent.ExtentPDFCucumberReporter$1.onNext(ExtentPDFCucumberReporter.java:45)
at tech.grasshopper.pdf.extent.ExtentPDFCucumberReporter$1.onNext(ExtentPDFCucumberReporter.java:38)
at io.reactivex.rxjava3.subjects.PublishSubject$PublishDisposable.onNext(PublishSubject.java:310)
at io.reactivex.rxjava3.subjects.PublishSubject.onNext(PublishSubject.java:226)
at com.aventstack.extentreports.ReactiveSubject.onFlush(ReactiveSubject.java:83)
at com.aventstack.extentreports.AbstractProcessor.onFlush(AbstractProcessor.java:85)
at com.aventstack.extentreports.ExtentReports.flush(ExtentReports.java:284)
at com.aventstack.extentreports.cucumber.adapter.ExtentCucumberAdapter.finishReport(ExtentCucumberAdapter.java:300)
at com.aventstack.extentreports.cucumber.adapter.ExtentCucumberAdapter.access$600(ExtentCucumberAdapter.java:62)
at com.aventstack.extentreports.cucumber.adapter.ExtentCucumberAdapter$8.receive(ExtentCucumberAdapter.java:136)
at com.aventstack.extentreports.cucumber.adapter.ExtentCucumberAdapter$8.receive(ExtentCucumberAdapter.java:133)
at io.cucumber.core.eventbus.AbstractEventPublisher.send(AbstractEventPublisher.java:51)
at io.cucumber.core.eventbus.AbstractEventBus.send(AbstractEventBus.java:12)
at io.cucumber.core.runtime.CucumberExecutionContext.emitTestRunFinished(CucumberExecutionContext.java:93)
at io.cucumber.core.runtime.CucumberExecutionContext.finishTestRun(CucumberExecutionContext.java:74)
at io.cucumber.testng.TestNGCucumberRunner.finish(TestNGCucumberRunner.java:126)
at io.cucumber.testng.AbstractTestNGCucumberTests.tearDownClass(AbstractTestNGCucumberTests.java:53)
at java.base/jdk.internal.reflect.NativeMethodAccessorImpl.invoke0(Native Method)
at java.base/jdk.internal.reflect.NativeMethodAccessorImpl.invoke(NativeMethodAccessorImpl.java:62)
at java.base/jdk.internal.reflect.DelegatingMethodAccessorImpl.invoke(DelegatingMethodAccessorImpl.java:43)
at java.base/java.lang.reflect.Method.invoke(Method.java:566)
at org.testng.internal.MethodInvocationHelper.invokeMethod(MethodInvocationHelper.java:124)
at org.testng.internal.MethodInvocationHelper.invokeMethodConsideringTimeout(MethodInvocationHelper.java:59)
at org.testng.internal.Invoker.invokeConfigurationMethod(Invoker.java:458)
at org.testng.internal.Invoker.invokeConfigurations(Invoker.java:222)
at org.testng.internal.Invoker.invokeConfigurations(Invoker.java:142)
at org.testng.internal.TestMethodWorker.invokeAfterClassMethods(TestMethodWorker.java:214)
at org.testng.internal.TestMethodWorker.run(TestMethodWorker.java:111)
at java.base/java.util.concurrent.ThreadPoolExecutor.runWorker(ThreadPoolExecutor.java:1128)
at java.base/java.util.concurrent.ThreadPoolExecutor$Worker.run(ThreadPoolExecutor.java:628)
at java.base/java.lang.Thread.run(Thread.java:834)
]]>
            </full-stacktrace>
          </exception> <!-- java.lang.NoSuchMethodError -->
          <reporter-output>
          </reporter-output>
        </test-method> <!-- tearDownClass -->
      </class> <!-- testrunners.MyTestRunner -->
    </test> <!-- Surefire test -->
  </suite> <!-- Surefire suite -->
</testng-results>
